Thu Oct 20 10:12:47 CEST 2022  [debug] AvalonLogSystem initialized using logfile 'velocity.log'
Thu Oct 20 10:12:47 CEST 2022   [info] ************************************************************** 
Thu Oct 20 10:12:47 CEST 2022   [info] Starting Jakarta Velocity v1.4
Thu Oct 20 10:12:47 CEST 2022   [info] RuntimeInstance initializing.
Thu Oct 20 10:12:47 CEST 2022   [info] Default Properties File: org/apache/velocity/runtime/defaults/velocity.properties
Thu Oct 20 10:12:47 CEST 2022   [info] Trying to use logger class org.apache.velocity.runtime.log.AvalonLogSystem
Thu Oct 20 10:12:47 CEST 2022   [info] Using logger class org.apache.velocity.runtime.log.AvalonLogSystem
Thu Oct 20 10:12:47 CEST 2022   [info] Default ResourceManager initializing. (class org.apache.velocity.runtime.resource.ResourceManagerImpl)
Thu Oct 20 10:12:47 CEST 2022   [info] Resource Loader Instantiated: org.apache.velocity.runtime.resource.loader.FileResourceLoader
Thu Oct 20 10:12:47 CEST 2022   [info] FileResourceLoader : initialization starting.
Thu Oct 20 10:12:47 CEST 2022   [info] FileResourceLoader : adding path '.'
Thu Oct 20 10:12:47 CEST 2022   [info] FileResourceLoader : initialization complete.
Thu Oct 20 10:12:47 CEST 2022   [info] ResourceCache : initialized. (class org.apache.velocity.runtime.resource.ResourceCacheImpl)
Thu Oct 20 10:12:47 CEST 2022   [info] Default ResourceManager initialization complete.
Thu Oct 20 10:12:47 CEST 2022   [info] Loaded System Directive: org.apache.velocity.runtime.directive.Literal
Thu Oct 20 10:12:47 CEST 2022   [info] Loaded System Directive: org.apache.velocity.runtime.directive.Macro
Thu Oct 20 10:12:47 CEST 2022   [info] Loaded System Directive: org.apache.velocity.runtime.directive.Parse
Thu Oct 20 10:12:47 CEST 2022   [info] Loaded System Directive: org.apache.velocity.runtime.directive.Include
Thu Oct 20 10:12:47 CEST 2022   [info] Loaded System Directive: org.apache.velocity.runtime.directive.Foreach
Thu Oct 20 10:12:47 CEST 2022   [info] Created: 20 parsers.
Thu Oct 20 10:12:47 CEST 2022   [info] Velocimacro : initialization starting.
Thu Oct 20 10:12:47 CEST 2022   [info] Velocimacro : adding VMs from VM library template : VM_global_library.vm
Thu Oct 20 10:12:47 CEST 2022  [error] ResourceManager : unable to find resource 'VM_global_library.vm' in any resource loader.
Thu Oct 20 10:12:47 CEST 2022   [info] Velocimacro : error using  VM library template VM_global_library.vm : org.apache.velocity.exception.ResourceNotFoundException: Unable to find resource 'VM_global_library.vm'
Thu Oct 20 10:12:47 CEST 2022   [info] Velocimacro :  VM library template macro registration complete.
Thu Oct 20 10:12:47 CEST 2022   [info] Velocimacro : allowInline = true : VMs can be defined inline in templates
Thu Oct 20 10:12:47 CEST 2022   [info] Velocimacro : allowInlineToOverride = false : VMs defined inline may NOT replace previous VM definitions
Thu Oct 20 10:12:47 CEST 2022   [info] Velocimacro : allowInlineLocal = false : VMs defined inline will be  global in scope if allowed.
Thu Oct 20 10:12:47 CEST 2022   [info] Velocimacro : messages on  : VM system will output logging messages
Thu Oct 20 10:12:47 CEST 2022   [info] Velocimacro : autoload off  : VM system will not automatically reload global library macros
Thu Oct 20 10:12:47 CEST 2022   [info] Velocimacro : initialization complete.
Thu Oct 20 10:12:47 CEST 2022   [info] Velocity successfully started.
